Determining if the pthread_create exist failed with the following output:
Change Dir: /media/thiago/138f6b25-d5de-401d-bbb9-882b94f57811/thiago/Documents/UTS/sensors-and-control/assignments/fetch-robot-grasper/ros_ws/build/CMakeFiles/CMakeTmp

Run Build Command:/usr/bin/make "cmTryCompileExec1920937152/fast"
/usr/bin/make -f CMakeFiles/cmTryCompileExec1920937152.dir/build.make CMakeFiles/cmTryCompileExec1920937152.dir/build
make[1]: Entering directory `/media/thiago/138f6b25-d5de-401d-bbb9-882b94f57811/thiago/Documents/UTS/sensors-and-control/assignments/fetch-robot-grasper/ros_ws/build/CMakeFiles/CMakeTmp'
/usr/bin/cmake -E cmake_progress_report /media/thiago/138f6b25-d5de-401d-bbb9-882b94f57811/thiago/Documents/UTS/sensors-and-control/assignments/fetch-robot-grasper/ros_ws/build/CMakeFiles/CMakeTmp/CMakeFiles 1
Building C object CMakeFiles/cmTryCompileExec1920937152.dir/CheckSymbolExists.c.o
/usr/bin/cc    -o CMakeFiles/cmTryCompileExec1920937152.dir/CheckSymbolExists.c.o   -c /media/thiago/138f6b25-d5de-401d-bbb9-882b94f57811/thiago/Documents/UTS/sensors-and-control/assignments/fetch-robot-grasper/ros_ws/build/CMakeFiles/CMakeTmp/CheckSymbolExists.c
Linking C executable cmTryCompileExec1920937152
/usr/bin/cmake -E cmake_link_script CMakeFiles/cmTryCompileExec1920937152.dir/link.txt --verbose=1
/usr/bin/cc       CMakeFiles/cmTryCompileExec1920937152.dir/CheckSymbolExists.c.o  -o cmTryCompileExec1920937152 -rdynamic 
CMakeFiles/cmTryCompileExec1920937152.dir/CheckSymbolExists.c.o: In function `main':
CheckSymbolExists.c:(.text+0x16): undefined reference to `pthread_create'
collect2: error: ld returned 1 exit status
make[1]: *** [cmTryCompileExec1920937152] Error 1
make[1]: Leaving directory `/media/thiago/138f6b25-d5de-401d-bbb9-882b94f57811/thiago/Documents/UTS/sensors-and-control/assignments/fetch-robot-grasper/ros_ws/build/CMakeFiles/CMakeTmp'
make: *** [cmTryCompileExec1920937152/fast] Error 2

File /media/thiago/138f6b25-d5de-401d-bbb9-882b94f57811/thiago/Documents/UTS/sensors-and-control/assignments/fetch-robot-grasper/ros_ws/build/CMakeFiles/CMakeTmp/CheckSymbolExists.c:
/* */
#include <pthread.h>

int main(int argc, char** argv)
{
  (void)argv;
#ifndef pthread_create
  return ((int*)(&pthread_create))[argc];
#else
  (void)argc;
  return 0;
#endif
}

Determining if the function pthread_create exists in the pthreads failed with the following output:
Change Dir: /media/thiago/138f6b25-d5de-401d-bbb9-882b94f57811/thiago/Documents/UTS/sensors-and-control/assignments/fetch-robot-grasper/ros_ws/build/CMakeFiles/CMakeTmp

Run Build Command:/usr/bin/make "cmTryCompileExec1156808454/fast"
/usr/bin/make -f CMakeFiles/cmTryCompileExec1156808454.dir/build.make CMakeFiles/cmTryCompileExec1156808454.dir/build
make[1]: Entering directory `/media/thiago/138f6b25-d5de-401d-bbb9-882b94f57811/thiago/Documents/UTS/sensors-and-control/assignments/fetch-robot-grasper/ros_ws/build/CMakeFiles/CMakeTmp'
/usr/bin/cmake -E cmake_progress_report /media/thiago/138f6b25-d5de-401d-bbb9-882b94f57811/thiago/Documents/UTS/sensors-and-control/assignments/fetch-robot-grasper/ros_ws/build/CMakeFiles/CMakeTmp/CMakeFiles 1
Building C object CMakeFiles/cmTryCompileExec1156808454.dir/CheckFunctionExists.c.o
/usr/bin/cc   -DCHECK_FUNCTION_EXISTS=pthread_create   -o CMakeFiles/cmTryCompileExec1156808454.dir/CheckFunctionExists.c.o   -c /usr/share/cmake-2.8/Modules/CheckFunctionExists.c
Linking C executable cmTryCompileExec1156808454
/usr/bin/cmake -E cmake_link_script CMakeFiles/cmTryCompileExec1156808454.dir/link.txt --verbose=1
/usr/bin/cc   -DCHECK_FUNCTION_EXISTS=pthread_create    CMakeFiles/cmTryCompileExec1156808454.dir/CheckFunctionExists.c.o  -o cmTryCompileExec1156808454 -rdynamic -lpthreads 
/usr/bin/ld: cannot find -lpthreads
collect2: error: ld returned 1 exit status
make[1]: *** [cmTryCompileExec1156808454] Error 1
make[1]: Leaving directory `/media/thiago/138f6b25-d5de-401d-bbb9-882b94f57811/thiago/Documents/UTS/sensors-and-control/assignments/fetch-robot-grasper/ros_ws/build/CMakeFiles/CMakeTmp'
make: *** [cmTryCompileExec1156808454/fast] Error 2


